<?xml version="1.0" encoding="UTF-8"?>
<!-- Generated by org.testng.reporters.JUnitXMLReporter -->
<testsuite hostname="naiad.styx.home" name="Default test" tests="4" failures="0" timestamp="23 Sep 2013 22:10:01 GMT" time="0.236" errors="0">
  <testcase name="createNewOrganizationInvalidData" time="0.0050" classname="gr.bytecode.services.visitorphonebook.services.BackOfficeServiceTest"/>
  <testcase name="createNewOrganizationWithExistingEntity" time="0.0020" classname="gr.bytecode.services.visitorphonebook.services.BackOfficeServiceTest"/>
  <testcase name="getCategories" time="0.0030" classname="gr.bytecode.services.visitorphonebook.services.BackOfficeServiceTest"/>
  <testcase name="saveOrganizationCategory" time="0.0" classname="gr.bytecode.services.visitorphonebook.services.BackOfficeServiceTest"/>
</testsuite> <!-- Default test -->
