<?xml version="1.0" encoding="UTF-8"?>
<!-- Generated by org.testng.reporters.JUnitXMLReporter -->
<testsuite hostname="naiad" name="Default test" tests="4" failures="0" timestamp="11 Oct 2013 18:53:00 GMT" time="0.236" errors="0">
  <testcase name="createNewEntryInvalidData" time="0.0050" classname="gr.bytecode.services.visitorphonebook.services.BackOfficeServiceTest"/>
  <testcase name="createNewEntryWithExistingEntity" time="0.0020" classname="gr.bytecode.services.visitorphonebook.services.BackOfficeServiceTest"/>
  <testcase name="getCategories" time="0.0040" classname="gr.bytecode.services.visitorphonebook.services.BackOfficeServiceTest"/>
  <testcase name="saveEntryCategory" time="0.0" classname="gr.bytecode.services.visitorphonebook.services.BackOfficeServiceTest"/>
</testsuite> <!-- Default test -->
