<?xml version="1.0" encoding="UTF-8"?>
<testng-results skipped="0" failed="0" total="4" passed="4">
  <reporter-output>
  </reporter-output>
  <suite name="Default suite" duration-ms="236" started-at="2013-09-23T22:10:00Z" finished-at="2013-09-23T22:10:01Z">
    <groups>
      <group name="business">
        <method signature="BackOfficeServiceTest.createNewOrganizationInvalidData()[pri:0, instance:gr.bytecode.services.visitorphonebook.services.BackOfficeServiceTest@5117f31e]" name="createNewOrganizationInvalidData" class="gr.bytecode.services.visitorphonebook.services.BackOfficeServiceTest"/>
        <method signature="BackOfficeServiceTest.createNewOrganizationWithExistingEntity()[pri:0, instance:gr.bytecode.services.visitorphonebook.services.BackOfficeServiceTest@5117f31e]" name="createNewOrganizationWithExistingEntity" class="gr.bytecode.services.visitorphonebook.services.BackOfficeServiceTest"/>
        <method signature="BackOfficeServiceTest.getCategories()[pri:0, instance:gr.bytecode.services.visitorphonebook.services.BackOfficeServiceTest@5117f31e]" name="getCategories" class="gr.bytecode.services.visitorphonebook.services.BackOfficeServiceTest"/>
        <method signature="BackOfficeServiceTest.saveOrganizationCategory()[pri:0, instance:gr.bytecode.services.visitorphonebook.services.BackOfficeServiceTest@5117f31e]" name="saveOrganizationCategory" class="gr.bytecode.services.visitorphonebook.services.BackOfficeServiceTest"/>
      </group> <!-- business -->
    </groups>
    <test name="Default test" duration-ms="236" started-at="2013-09-23T22:10:00Z" finished-at="2013-09-23T22:10:01Z">
      <class name="gr.bytecode.services.visitorphonebook.services.BackOfficeServiceTest">
        <test-method status="PASS" signature="setUp()[pri:0, instance:gr.bytecode.services.visitorphonebook.services.BackOfficeServiceTest@5117f31e]" name="setUp" is-config="true" duration-ms="208" started-at="2013-09-24T01:10:00Z" finished-at="2013-09-24T01:10:01Z">
          <reporter-output>
          </reporter-output>
        </test-method> <!-- setUp -->
        <test-method status="PASS" signature="createNewOrganizationInvalidData()[pri:0, instance:gr.bytecode.services.visitorphonebook.services.BackOfficeServiceTest@5117f31e]" name="createNewOrganizationInvalidData" duration-ms="5" started-at="2013-09-24T01:10:01Z" finished-at="2013-09-24T01:10:01Z">
          <exception class="gr.bytecode.services.visitorphonebook.web.exceptions.InvalidDataException">
            <message>
              <![CDATA[Mock String]]>
            </message>
            <full-stacktrace>
              <![CDATA[gr.bytecode.services.visitorphonebook.web.exceptions.InvalidDataException: Mock String
	at gr.bytecode.services.visitorphonebook.services.BackOfficeService.validateOrganization(BackOfficeService.java:292)
	at gr.bytecode.services.visitorphonebook.services.BackOfficeService.createNewOrganization(BackOfficeService.java:105)
	at gr.bytecode.services.visitorphonebook.services.BackOfficeServiceTest.createNewOrganizationInvalidData(BackOfficeServiceTest.java:94)
	at sun.reflect.NativeMethodAccessorImpl.invoke0(Native Method)
	at sun.reflect.NativeMethodAccessorImpl.invoke(NativeMethodAccessorImpl.java:39)
	at sun.reflect.DelegatingMethodAccessorImpl.invoke(DelegatingMethodAccessorImpl.java:25)
	at java.lang.reflect.Method.invoke(Method.java:597)
	at org.testng.internal.MethodInvocationHelper.invokeMethod(MethodInvocationHelper.java:84)
	at org.testng.internal.Invoker.invokeMethod(Invoker.java:714)
	at org.testng.internal.Invoker.invokeTestMethod(Invoker.java:901)
	at org.testng.internal.Invoker.invokeTestMethods(Invoker.java:1231)
	at org.testng.internal.TestMethodWorker.invokeTestMethods(TestMethodWorker.java:127)
	at org.testng.internal.TestMethodWorker.run(TestMethodWorker.java:111)
	at org.testng.TestRunner.privateRun(TestRunner.java:767)
	at org.testng.TestRunner.run(TestRunner.java:617)
	at org.testng.SuiteRunner.runTest(SuiteRunner.java:334)
	at org.testng.SuiteRunner.runSequentially(SuiteRunner.java:329)
	at org.testng.SuiteRunner.privateRun(SuiteRunner.java:291)
	at org.testng.SuiteRunner.run(SuiteRunner.java:240)
	at org.testng.SuiteRunnerWorker.runSuite(SuiteRunnerWorker.java:52)
	at org.testng.SuiteRunnerWorker.run(SuiteRunnerWorker.java:86)
	at org.testng.TestNG.runSuitesSequentially(TestNG.java:1224)
	at org.testng.TestNG.runSuitesLocally(TestNG.java:1149)
	at org.testng.TestNG.run(TestNG.java:1057)
	at org.testng.remote.RemoteTestNG.run(RemoteTestNG.java:111)
	at org.testng.remote.RemoteTestNG.initAndRun(RemoteTestNG.java:204)
	at org.testng.remote.RemoteTestNG.main(RemoteTestNG.java:175)
]]>
            </full-stacktrace>
          </exception> <!-- gr.bytecode.services.visitorphonebook.web.exceptions.InvalidDataException -->
          <reporter-output>
          </reporter-output>
        </test-method> <!-- createNewOrganizationInvalidData -->
        <test-method status="PASS" signature="createNewOrganizationWithExistingEntity()[pri:0, instance:gr.bytecode.services.visitorphonebook.services.BackOfficeServiceTest@5117f31e]" name="createNewOrganizationWithExistingEntity" duration-ms="2" started-at="2013-09-24T01:10:01Z" finished-at="2013-09-24T01:10:01Z">
          <exception class="gr.bytecode.services.visitorphonebook.web.exceptions.EntityExistsException">
            <message>
              <![CDATA[Mock String]]>
            </message>
            <full-stacktrace>
              <![CDATA[gr.bytecode.services.visitorphonebook.web.exceptions.EntityExistsException: Mock String
	at gr.bytecode.services.visitorphonebook.services.BackOfficeService.validateOrganization(BackOfficeService.java:328)
	at gr.bytecode.services.visitorphonebook.services.BackOfficeService.createNewOrganization(BackOfficeService.java:105)
	at gr.bytecode.services.visitorphonebook.services.BackOfficeServiceTest.createNewOrganizationWithExistingEntity(BackOfficeServiceTest.java:127)
	at sun.reflect.NativeMethodAccessorImpl.invoke0(Native Method)
	at sun.reflect.NativeMethodAccessorImpl.invoke(NativeMethodAccessorImpl.java:39)
	at sun.reflect.DelegatingMethodAccessorImpl.invoke(DelegatingMethodAccessorImpl.java:25)
	at java.lang.reflect.Method.invoke(Method.java:597)
	at org.testng.internal.MethodInvocationHelper.invokeMethod(MethodInvocationHelper.java:84)
	at org.testng.internal.Invoker.invokeMethod(Invoker.java:714)
	at org.testng.internal.Invoker.invokeTestMethod(Invoker.java:901)
	at org.testng.internal.Invoker.invokeTestMethods(Invoker.java:1231)
	at org.testng.internal.TestMethodWorker.invokeTestMethods(TestMethodWorker.java:127)
	at org.testng.internal.TestMethodWorker.run(TestMethodWorker.java:111)
	at org.testng.TestRunner.privateRun(TestRunner.java:767)
	at org.testng.TestRunner.run(TestRunner.java:617)
	at org.testng.SuiteRunner.runTest(SuiteRunner.java:334)
	at org.testng.SuiteRunner.runSequentially(SuiteRunner.java:329)
	at org.testng.SuiteRunner.privateRun(SuiteRunner.java:291)
	at org.testng.SuiteRunner.run(SuiteRunner.java:240)
	at org.testng.SuiteRunnerWorker.runSuite(SuiteRunnerWorker.java:52)
	at org.testng.SuiteRunnerWorker.run(SuiteRunnerWorker.java:86)
	at org.testng.TestNG.runSuitesSequentially(TestNG.java:1224)
	at org.testng.TestNG.runSuitesLocally(TestNG.java:1149)
	at org.testng.TestNG.run(TestNG.java:1057)
	at org.testng.remote.RemoteTestNG.run(RemoteTestNG.java:111)
	at org.testng.remote.RemoteTestNG.initAndRun(RemoteTestNG.java:204)
	at org.testng.remote.RemoteTestNG.main(RemoteTestNG.java:175)
]]>
            </full-stacktrace>
          </exception> <!-- gr.bytecode.services.visitorphonebook.web.exceptions.EntityExistsException -->
          <reporter-output>
          </reporter-output>
        </test-method> <!-- createNewOrganizationWithExistingEntity -->
        <test-method status="PASS" signature="getCategories()[pri:0, instance:gr.bytecode.services.visitorphonebook.services.BackOfficeServiceTest@5117f31e]" name="getCategories" duration-ms="3" started-at="2013-09-24T01:10:01Z" finished-at="2013-09-24T01:10:01Z">
          <reporter-output>
          </reporter-output>
        </test-method> <!-- getCategories -->
        <test-method status="PASS" signature="saveOrganizationCategory()[pri:0, instance:gr.bytecode.services.visitorphonebook.services.BackOfficeServiceTest@5117f31e]" name="saveOrganizationCategory" duration-ms="0" started-at="2013-09-24T01:10:01Z" finished-at="2013-09-24T01:10:01Z">
          <reporter-output>
          </reporter-output>
        </test-method> <!-- saveOrganizationCategory -->
      </class> <!-- gr.bytecode.services.visitorphonebook.services.BackOfficeServiceTest -->
    </test> <!-- Default test -->
  </suite> <!-- Default suite -->
</testng-results>
